<?xml version="1.0" encoding="UTF-8"?>
<!-- Generated by org.testng.reporters.JUnitReportReporter -->
<testsuite skipped="0" hostname="DESKTOP-CE63HLM" name="com.testingshastra.uitests.homepagetests.ContactSalesTest" tests="1" failures="0" timestamp="2021-10-29T16:49:03 IST" time="50.251" errors="0">
  <testcase name="validateContactSalesForm" time="50.251" classname="com.testingshastra.uitests.homepagetests.ContactSalesTest"/>
  <system-out/>
</testsuite> <!-- com.testingshastra.uitests.homepagetests.ContactSalesTest -->
