<?xml version="1.0" encoding="UTF-8"?>
<!-- Generated by org.testng.reporters.JUnitReportReporter -->
<testsuite skipped="0" hostname="DESKTOP-CE63HLM" name="com.testingshastra.uitests.homepagetests.HomePageTests" tests="1" failures="0" timestamp="2021-10-29T12:41:33 IST" time="47.114" errors="0">
  <testcase name="verifyUserRedirectsToJoinMeetingPage" time="47.114" classname="com.testingshastra.uitests.homepagetests.HomePageTests"/>
  <system-out/>
</testsuite> <!-- com.testingshastra.uitests.homepagetests.HomePageTests -->
