<?xml version="1.0" encoding="UTF-8"?>
<!-- Generated by org.testng.reporters.JUnitReportReporter -->
<testsuite skipped="0" hostname="DESKTOP-CE63HLM" name="com.testingshastra.uitests.homepagetests.HomePageTests" tests="1" failures="0" timestamp="2021-10-24T10:34:34 IST" time="22.915" errors="0">
  <testcase name="verifyUserRedirectsToJoinMeetingPage" time="22.915" classname="com.testingshastra.uitests.homepagetests.HomePageTests"/>
  <system-out/>
</testsuite> <!-- com.testingshastra.uitests.homepagetests.HomePageTests -->
